{"/home/ubuntu/Laboratória/SAP003-md-links/lib/index.js": {"path":"/home/ubuntu/Laboratória/SAP003-md-links/lib/index.js","statementMap":{"0":{"start":{"line":1,"column":11},"end":{"line":1,"column":24}},"1":{"start":{"line":3,"column":16},"end":{"line":22,"column":1}},"2":{"start":{"line":4,"column":16},"end":{"line":4,"column":40}},"3":{"start":{"line":5,"column":2},"end":{"line":21,"column":5}},"4":{"start":{"line":6,"column":4},"end":{"line":20,"column":7}},"5":{"start":{"line":7,"column":6},"end":{"line":19,"column":7}},"6":{"start":{"line":8,"column":8},"end":{"line":8,"column":20}},"7":{"start":{"line":10,"column":25},"end":{"line":10,"column":42}},"8":{"start":{"line":11,"column":23},"end":{"line":17,"column":10}},"9":{"start":{"line":12,"column":24},"end":{"line":12,"column":37}},"10":{"start":{"line":13,"column":23},"end":{"line":13,"column":49}},"11":{"start":{"line":14,"column":23},"end":{"line":14,"column":49}},"12":{"start":{"line":16,"column":10},"end":{"line":16,"column":32}},"13":{"start":{"line":18,"column":8},"end":{"line":18,"column":37}},"14":{"start":{"line":23,"column":0},"end":{"line":23,"column":25}}},"fnMap":{"0":{"name":"(anonymous_0)","decl":{"start":{"line":3,"column":16},"end":{"line":3,"column":17}},"loc":{"start":{"line":3,"column":26},"end":{"line":22,"column":1}},"line":3},"1":{"name":"(anonymous_1)","decl":{"start":{"line":5,"column":21},"end":{"line":5,"column":22}},"loc":{"start":{"line":5,"column":42},"end":{"line":21,"column":3}},"line":5},"2":{"name":"(anonymous_2)","decl":{"start":{"line":6,"column":31},"end":{"line":6,"column":32}},"loc":{"start":{"line":6,"column":46},"end":{"line":20,"column":5}},"line":6},"3":{"name":"(anonymous_3)","decl":{"start":{"line":11,"column":36},"end":{"line":11,"column":37}},"loc":{"start":{"line":11,"column":41},"end":{"line":17,"column":9}},"line":11}},"branchMap":{"0":{"loc":{"start":{"line":7,"column":6},"end":{"line":19,"column":7}},"type":"if","locations":[{"start":{"line":7,"column":6},"end":{"line":19,"column":7}},{"start":{"line":7,"column":6},"end":{"line":19,"column":7}}],"line":7}},"s":{"0":1,"1":1,"2":2,"3":2,"4":2,"5":2,"6":1,"7":1,"8":1,"9":43,"10":43,"11":43,"12":43,"13":1,"14":1},"f":{"0":2,"1":2,"2":2,"3":43},"b":{"0":[1,1]},"_coverageSchema":"43e27e138ebf9cfc5966b082cf9a028302ed4184","hash":"e3113ce9a548c06c6b7a728fd69a22ab9b23d6bd"}
}
