{"/home/ubuntu/Laboratória/SAP003-md-links/lib/index.js": {"path":"/home/ubuntu/Laboratória/SAP003-md-links/lib/index.js","statementMap":{"0":{"start":{"line":1,"column":11},"end":{"line":1,"column":24}},"1":{"start":{"line":2,"column":14},"end":{"line":2,"column":35}},"2":{"start":{"line":4,"column":16},"end":{"line":32,"column":1}},"3":{"start":{"line":5,"column":16},"end":{"line":5,"column":40}},"4":{"start":{"line":6,"column":2},"end":{"line":31,"column":5}},"5":{"start":{"line":7,"column":4},"end":{"line":9,"column":5}},"6":{"start":{"line":8,"column":6},"end":{"line":8,"column":38}},"7":{"start":{"line":10,"column":4},"end":{"line":30,"column":7}},"8":{"start":{"line":11,"column":23},"end":{"line":11,"column":40}},"9":{"start":{"line":13,"column":21},"end":{"line":16,"column":8}},"10":{"start":{"line":14,"column":22},"end":{"line":14,"column":35}},"11":{"start":{"line":15,"column":8},"end":{"line":15,"column":50}},"12":{"start":{"line":18,"column":6},"end":{"line":29,"column":7}},"13":{"start":{"line":19,"column":30},"end":{"line":25,"column":10}},"14":{"start":{"line":20,"column":10},"end":{"line":24,"column":11}},"15":{"start":{"line":21,"column":12},"end":{"line":23,"column":15}},"16":{"start":{"line":22,"column":14},"end":{"line":22,"column":48}},"17":{"start":{"line":26,"column":8},"end":{"line":26,"column":63}},"18":{"start":{"line":26,"column":46},"end":{"line":26,"column":61}},"19":{"start":{"line":28,"column":8},"end":{"line":28,"column":24}},"20":{"start":{"line":34,"column":0},"end":{"line":34,"column":25}}},"fnMap":{"0":{"name":"(anonymous_0)","decl":{"start":{"line":4,"column":16},"end":{"line":4,"column":17}},"loc":{"start":{"line":4,"column":34},"end":{"line":32,"column":1}},"line":4},"1":{"name":"(anonymous_1)","decl":{"start":{"line":6,"column":21},"end":{"line":6,"column":22}},"loc":{"start":{"line":6,"column":42},"end":{"line":31,"column":3}},"line":6},"2":{"name":"(anonymous_2)","decl":{"start":{"line":10,"column":31},"end":{"line":10,"column":32}},"loc":{"start":{"line":10,"column":46},"end":{"line":30,"column":5}},"line":10},"3":{"name":"(anonymous_3)","decl":{"start":{"line":13,"column":34},"end":{"line":13,"column":35}},"loc":{"start":{"line":13,"column":39},"end":{"line":16,"column":7}},"line":13},"4":{"name":"(anonymous_4)","decl":{"start":{"line":19,"column":41},"end":{"line":19,"column":42}},"loc":{"start":{"line":19,"column":49},"end":{"line":25,"column":9}},"line":19},"5":{"name":"(anonymous_5)","decl":{"start":{"line":21,"column":41},"end":{"line":21,"column":42}},"loc":{"start":{"line":21,"column":53},"end":{"line":23,"column":13}},"line":21},"6":{"name":"(anonymous_6)","decl":{"start":{"line":26,"column":40},"end":{"line":26,"column":41}},"loc":{"start":{"line":26,"column":46},"end":{"line":26,"column":61}},"line":26}},"branchMap":{"0":{"loc":{"start":{"line":7,"column":4},"end":{"line":9,"column":5}},"type":"if","locations":[{"start":{"line":7,"column":4},"end":{"line":9,"column":5}},{"start":{"line":7,"column":4},"end":{"line":9,"column":5}}],"line":7},"1":{"loc":{"start":{"line":18,"column":6},"end":{"line":29,"column":7}},"type":"if","locations":[{"start":{"line":18,"column":6},"end":{"line":29,"column":7}},{"start":{"line":18,"column":6},"end":{"line":29,"column":7}}],"line":18},"2":{"loc":{"start":{"line":20,"column":10},"end":{"line":24,"column":11}},"type":"if","locations":[{"start":{"line":20,"column":10},"end":{"line":24,"column":11}},{"start":{"line":20,"column":10},"end":{"line":24,"column":11}}],"line":20}},"s":{"0":1,"1":1,"2":1,"3":3,"4":3,"5":3,"6":1,"7":3,"8":2,"9":0,"10":0,"11":0,"12":0,"13":0,"14":0,"15":0,"16":0,"17":0,"18":0,"19":0,"20":1},"f":{"0":3,"1":3,"2":2,"3":0,"4":0,"5":0,"6":0},"b":{"0":[1,2],"1":[0,0],"2":[0,0]},"_coverageSchema":"43e27e138ebf9cfc5966b082cf9a028302ed4184","hash":"9502396ed8952cf6eea16dff0c7a6408a903b314"}
}
