TN:
SF:/home/ubuntu/Laboratória/SAP003-md-links/lib/index.js
FN:4,(anonymous_0)
FN:6,(anonymous_1)
FN:10,(anonymous_2)
FN:13,(anonymous_3)
FN:19,(anonymous_4)
FN:21,(anonymous_5)
FN:26,(anonymous_6)
FNF:7
FNH:7
FNDA:3,(anonymous_0)
FNDA:3,(anonymous_1)
FNDA:2,(anonymous_2)
FNDA:47,(anonymous_3)
FNDA:4,(anonymous_4)
FNDA:3,(anonymous_5)
FNDA:1,(anonymous_6)
DA:1,1
DA:2,1
DA:4,1
DA:5,3
DA:6,3
DA:7,3
DA:8,1
DA:10,3
DA:11,2
DA:13,2
DA:14,47
DA:15,47
DA:18,2
DA:19,1
DA:20,4
DA:21,3
DA:22,3
DA:26,1
DA:28,1
DA:34,1
LF:20
LH:20
BRDA:7,0,0,1
BRDA:7,0,1,2
BRDA:18,1,0,1
BRDA:18,1,1,1
BRDA:20,2,0,3
BRDA:20,2,1,1
BRF:6
BRH:6
end_of_record
